<?xml version="1.0" encoding="UTF-8"?>
<testng-results skipped="0" failed="1" ignored="0" total="1" passed="0">
  <reporter-output>
  </reporter-output>
  <suite name="Suite" duration-ms="39356" started-at="2019-01-04T15:14:48Z" finished-at="2019-01-04T15:15:27Z">
    <groups>
    </groups>
    <test name="Lead Creation and Conversion" duration-ms="39356" started-at="2019-01-04T15:14:48Z" finished-at="2019-01-04T15:15:27Z">
      <class name="automatedTests.Login">
        <test-method status="PASS" signature="createFolder()[pri:0, instance:automatedTests.Login@467aecef]" name="createFolder" is-config="true" duration-ms="12" started-at="2019-01-04T15:14:48Z" finished-at="2019-01-04T15:14:48Z">
          <reporter-output>
          </reporter-output>
        </test-method> <!-- createFolder -->
        <test-method status="FAIL" signature="login()[pri:0, instance:automatedTests.Login@467aecef]" name="login" duration-ms="37584" started-at="2019-01-04T15:14:48Z" finished-at="2019-01-04T15:15:26Z">
          <exception class="java.lang.AssertionError">
            <message>
              <![CDATA[expected [Sandbox: qa] but found [Sandbox: preview]]]>
            </message>
            <full-stacktrace>
              <![CDATA[java.lang.AssertionError: expected [Sandbox: qa] but found [Sandbox: preview]
at org.testng.Assert.fail(Assert.java:96)
at org.testng.Assert.failNotEquals(Assert.java:776)
at org.testng.Assert.assertEqualsImpl(Assert.java:137)
at org.testng.Assert.assertEquals(Assert.java:118)
at org.testng.Assert.assertEquals(Assert.java:453)
at org.testng.Assert.assertEquals(Assert.java:463)
at automatedTests.Login.login(Login.java:43)
at sun.reflect.NativeMethodAccessorImpl.invoke0(Native Method)
at sun.reflect.NativeMethodAccessorImpl.invoke(NativeMethodAccessorImpl.java:62)
at sun.reflect.DelegatingMethodAccessorImpl.invoke(DelegatingMethodAccessorImpl.java:43)
at java.lang.reflect.Method.invoke(Method.java:498)
at org.testng.internal.MethodInvocationHelper.invokeMethod(MethodInvocationHelper.java:124)
at org.testng.internal.Invoker.invokeMethod(Invoker.java:583)
at org.testng.internal.Invoker.invokeTestMethod(Invoker.java:719)
at org.testng.internal.Invoker.invokeTestMethods(Invoker.java:989)
at org.testng.internal.TestMethodWorker.invokeTestMethods(TestMethodWorker.java:125)
at org.testng.internal.TestMethodWorker.run(TestMethodWorker.java:109)
at org.testng.TestRunner.privateRun(TestRunner.java:648)
at org.testng.TestRunner.run(TestRunner.java:505)
at org.testng.SuiteRunner.runTest(SuiteRunner.java:455)
at org.testng.SuiteRunner.runSequentially(SuiteRunner.java:450)
at org.testng.SuiteRunner.privateRun(SuiteRunner.java:415)
at org.testng.SuiteRunner.run(SuiteRunner.java:364)
at org.testng.SuiteRunnerWorker.runSuite(SuiteRunnerWorker.java:52)
at org.testng.SuiteRunnerWorker.run(SuiteRunnerWorker.java:84)
at org.testng.TestNG.runSuitesSequentially(TestNG.java:1208)
at org.testng.TestNG.runSuitesLocally(TestNG.java:1137)
at org.testng.TestNG.runSuites(TestNG.java:1049)
at org.testng.TestNG.run(TestNG.java:1017)
at org.testng.remote.AbstractRemoteTestNG.run(AbstractRemoteTestNG.java:114)
at org.testng.remote.RemoteTestNG.initAndRun(RemoteTestNG.java:251)
at org.testng.remote.RemoteTestNG.main(RemoteTestNG.java:77)
]]>
            </full-stacktrace>
          </exception> <!-- java.lang.AssertionError -->
          <reporter-output>
          </reporter-output>
        </test-method> <!-- login -->
        <test-method status="PASS" signature="getScreenshot(org.testng.ITestResult)[pri:0, instance:automatedTests.Login@467aecef]" name="getScreenshot" is-config="true" duration-ms="1745" started-at="2019-01-04T15:15:26Z" finished-at="2019-01-04T15:15:27Z">
          <params>
            <param index="0">
              <value>
                <![CDATA[[TestResult name=login status=FAILURE method=Login.login()[pri:0, instance:automatedTests.Login@467aecef] output={null}]]]>
              </value>
            </param>
          </params>
          <reporter-output>
          </reporter-output>
        </test-method> <!-- getScreenshot -->
      </class> <!-- automatedTests.Login -->
    </test> <!-- Lead Creation and Conversion -->
  </suite> <!-- Suite -->
</testng-results>
